# JRE version: Java(TM) SE Runtime Environment (8.0_152-b16) (build 1.8.0_152-b16)
# Java VM: Java HotSpot(TM) 64-Bit Server VM (25.152-b16 mixed mode windows-amd64 compressed oops)
Heap:
 PSYoungGen      total 570880K, used 300312K [0x00000000d6200000, 0x0000000100000000, 0x0000000100000000)
  eden space 514560K, 53% used [0x00000000d6200000,0x00000000e6e6c218,0x00000000f5880000)
  from space 56320K, 45% used [0x00000000f5880000,0x00000000f7159f08,0x00000000f8f80000)
  to   space 53760K, 0% used [0x00000000fcb80000,0x00000000fcb80000,0x0000000100000000)
 ParOldGen       total 144384K, used 47702K [0x0000000082600000, 0x000000008b300000, 0x00000000d6200000)
  object space 144384K, 33% used [0x0000000082600000,0x0000000085495860,0x000000008b300000)
 Metaspace       used 64164K, capacity 66576K, committed 66860K, reserved 1107968K
  class space    used 7366K, capacity 7887K, committed 7980K, reserved 1048576K
GC Heap History (10 events):
Event: 9.730 GC heap before
{Heap before GC invocations=14 (full 2):
 PSYoungGen      total 317440K, used 317411K [0x00000000d6200000, 0x00000000f3500000, 0x0000000100000000)
  eden space 278528K, 100% used [0x00000000d6200000,0x00000000e7200000,0x00000000e7200000)
  from space 38912K, 99% used [0x00000000e7200000,0x00000000e97f8dc0,0x00000000e9800000)
  to   space 46592K, 0% used [0x00000000f0780000,0x00000000f0780000,0x00000000f3500000)
 ParOldGen       total 146432K, used 67534K [0x0000000082600000, 0x000000008b500000, 0x00000000d6200000)
  object space 146432K, 46% used [0x0000000082600000,0x00000000867f3948,0x000000008b500000)
 Metaspace       used 24486K, capacity 25128K, committed 25216K, reserved 1071104K
  class space    used 2810K, capacity 2937K, committed 2944K, reserved 1048576K
Event: 9.787 GC heap after
Heap after GC invocations=14 (full 2):
 PSYoungGen      total 425984K, used 41310K [0x00000000d6200000, 0x00000000f4300000, 0x0000000100000000)
  eden space 379392K, 0% used [0x00000000d6200000,0x00000000d6200000,0x00000000ed480000)
  from space 46592K, 88% used [0x00000000f0780000,0x00000000f2fd7a20,0x00000000f3500000)
  to   space 52224K, 0% used [0x00000000ed480000,0x00000000ed480000,0x00000000f0780000)
 ParOldGen       total 146432K, used 75149K [0x0000000082600000, 0x000000008b500000, 0x00000000d6200000)
  object space 146432K, 51% used [0x0000000082600000,0x0000000086f63798,0x000000008b500000)
 Metaspace       used 24486K, capacity 25128K, committed 25216K, reserved 1071104K
  class space    used 2810K, capacity 2937K, committed 2944K, reserved 1048576K
}
Event: 11.240 GC heap before
{Heap before GC invocations=15 (full 2):
 PSYoungGen      total 425984K, used 420702K [0x00000000d6200000, 0x00000000f4300000, 0x0000000100000000)
  eden space 379392K, 100% used [0x00000000d6200000,0x00000000ed480000,0x00000000ed480000)
  from space 46592K, 88% used [0x00000000f0780000,0x00000000f2fd7a20,0x00000000f3500000)
  to   space 52224K, 0% used [0x00000000ed480000,0x00000000ed480000,0x00000000f0780000)
 ParOldGen       total 146432K, used 75149K [0x0000000082600000, 0x000000008b500000, 0x00000000d6200000)
  object space 146432K, 51% used [0x0000000082600000,0x0000000086f63798,0x000000008b500000)
 Metaspace       used 27600K, capacity 28346K, committed 28800K, reserved 1075200K
  class space    used 3179K, capacity 3374K, committed 3456K, reserved 1048576K
Event: 11.288 GC heap after
Heap after GC invocations=15 (full 2):
 PSYoungGen      total 431616K, used 45412K [0x00000000d6200000, 0x00000000fd580000, 0x0000000100000000)
  eden space 379392K, 0% used [0x00000000d6200000,0x00000000d6200000,0x00000000ed480000)
  from space 52224K, 86% used [0x00000000ed480000,0x00000000f00d92b8,0x00000000f0780000)
  to   space 58368K, 0% used [0x00000000f9c80000,0x00000000f9c80000,0x00000000fd580000)
 ParOldGen       total 146432K, used 78741K [0x0000000082600000, 0x000000008b500000, 0x00000000d6200000)
  object space 146432K, 53% used [0x0000000082600000,0x00000000872e54d8,0x000000008b500000)
 Metaspace       used 27600K, capacity 28346K, committed 28800K, reserved 1075200K
  class space    used 3179K, capacity 3374K, committed 3456K, reserved 1048576K
}
Event: 13.772 GC heap before
{Heap before GC invocations=16 (full 2):
 PSYoungGen      total 431616K, used 352470K [0x00000000d6200000, 0x00000000fd580000, 0x0000000100000000)
  eden space 379392K, 80% used [0x00000000d6200000,0x00000000e8ddc600,0x00000000ed480000)
  from space 52224K, 86% used [0x00000000ed480000,0x00000000f00d92b8,0x00000000f0780000)
  to   space 58368K, 0% used [0x00000000f9c80000,0x00000000f9c80000,0x00000000fd580000)
 ParOldGen       total 146432K, used 78741K [0x0000000082600000, 0x000000008b500000, 0x00000000d6200000)
  object space 146432K, 53% used [0x0000000082600000,0x00000000872e54d8,0x000000008b500000)
 Metaspace       used 40850K, capacity 41898K, committed 42028K, reserved 1085440K
  class space    used 4840K, capacity 5140K, committed 5164K, reserved 1048576K
Event: 13.797 GC heap after
Heap after GC invocations=16 (full 2):
 PSYoungGen      total 557568K, used 15995K [0x00000000d6200000, 0x00000000fc680000, 0x0000000100000000)
  eden space 514560K, 0% used [0x00000000d6200000,0x00000000d6200000,0x00000000f5880000)
  from space 43008K, 37% used [0x00000000f9c80000,0x00000000fac1ef90,0x00000000fc680000)
  to   space 56320K, 0% used [0x00000000f5880000,0x00000000f5880000,0x00000000f8f80000)
 ParOldGen       total 146432K, used 86361K [0x0000000082600000, 0x000000008b500000, 0x00000000d6200000)
  object space 146432K, 58% used [0x0000000082600000,0x0000000087a564c0,0x000000008b500000)
 Metaspace       used 40850K, capacity 41898K, committed 42028K, reserved 1085440K
  class space    used 4840K, capacity 5140K, committed 5164K, reserved 1048576K
}
Event: 13.797 GC heap before
{Heap before GC invocations=17 (full 3):
 PSYoungGen      total 557568K, used 15995K [0x00000000d6200000, 0x00000000fc680000, 0x0000000100000000)
  eden space 514560K, 0% used [0x00000000d6200000,0x00000000d6200000,0x00000000f5880000)
  from space 43008K, 37% used [0x00000000f9c80000,0x00000000fac1ef90,0x00000000fc680000)
  to   space 56320K, 0% used [0x00000000f5880000,0x00000000f5880000,0x00000000f8f80000)
 ParOldGen       total 146432K, used 86361K [0x0000000082600000, 0x000000008b500000, 0x00000000d6200000)
  object space 146432K, 58% used [0x0000000082600000,0x0000000087a564c0,0x000000008b500000)
 Metaspace       used 40850K, capacity 41898K, committed 42028K, reserved 1085440K
  class space    used 4840K, capacity 5140K, committed 5164K, reserved 1048576K
Event: 13.987 GC heap after
Heap after GC invocations=17 (full 3):
 PSYoungGen      total 557568K, used 0K [0x00000000d6200000, 0x00000000fc680000, 0x0000000100000000)
  eden space 514560K, 0% used [0x00000000d6200000,0x00000000d6200000,0x00000000f5880000)
  from space 43008K, 0% used [0x00000000f9c80000,0x00000000f9c80000,0x00000000fc680000)
  to   space 56320K, 0% used [0x00000000f5880000,0x00000000f5880000,0x00000000f8f80000)
 ParOldGen       total 144384K, used 47694K [0x0000000082600000, 0x000000008b300000, 0x00000000d6200000)
  object space 144384K, 33% used [0x0000000082600000,0x0000000085493860,0x000000008b300000)
 Metaspace       used 40850K, capacity 41898K, committed 42028K, reserved 1085440K
  class space    used 4840K, capacity 5140K, committed 5164K, reserved 1048576K
}
Event: 300.139 GC heap before
{Heap before GC invocations=18 (full 3):
 PSYoungGen      total 557568K, used 514560K [0x00000000d6200000, 0x00000000fc680000, 0x0000000100000000)
  eden space 514560K, 100% used [0x00000000d6200000,0x00000000f5880000,0x00000000f5880000)
  from space 43008K, 0% used [0x00000000f9c80000,0x00000000f9c80000,0x00000000fc680000)
  to   space 56320K, 0% used [0x00000000f5880000,0x00000000f5880000,0x00000000f8f80000)
 ParOldGen       total 144384K, used 47694K [0x0000000082600000, 0x000000008b300000, 0x00000000d6200000)
  object space 144384K, 33% used [0x0000000082600000,0x0000000085493860,0x000000008b300000)
 Metaspace       used 61680K, capacity 63948K, committed 64172K, reserved 1105920K
  class space    used 7259K, capacity 7771K, committed 7852K, reserved 1048576K
Event: 300.249 GC heap after
Heap after GC invocations=18 (full 3):
 PSYoungGen      total 570880K, used 25447K [0x00000000d6200000, 0x0000000100000000, 0x0000000100000000)
  eden space 514560K, 0% used [0x00000000d6200000,0x00000000d6200000,0x00000000f5880000)
  from space 56320K, 45% used [0x00000000f5880000,0x00000000f7159f08,0x00000000f8f80000)
  to   space 53760K, 0% used [0x00000000fcb80000,0x00000000fcb80000,0x0000000100000000)
 ParOldGen       total 144384K, used 47702K [0x0000000082600000, 0x000000008b300000, 0x00000000d6200000)
  object space 144384K, 33% used [0x0000000082600000,0x0000000085495860,0x000000008b300000)
 Metaspace       used 61680K, capacity 63948K, committed 64172K, reserved 1105920K
  class space    used 7259K, capacity 7771K, committed 7852K, reserved 1048576K
}

